<?xml version="1.0" encoding="UTF-8"?>
<testng-results ignored="0" total="1" passed="1" failed="0" skipped="0">
  <reporter-output>
  </reporter-output>
  <suite started-at="2022-08-20T15:25:54Z" name="Surefire suite" finished-at="2022-08-20T15:25:54Z" duration-ms="109">
    <groups>
    </groups>
    <test started-at="2022-08-20T15:25:54Z" name="Surefire test" finished-at="2022-08-20T15:25:54Z" duration-ms="109">
      <class name="com.Yogisoft.Automation_Project.AppTest">
        <test-method signature="shouldAnswerWithTrue()" started-at="2022-08-20T15:25:54Z" name="shouldAnswerWithTrue" finished-at="2022-08-20T15:25:54Z" duration-ms="16" status="PASS">
          <reporter-output>
          </reporter-output>
        </test-method> <!-- shouldAnswerWithTrue -->
      </class> <!-- com.Yogisoft.Automation_Project.AppTest -->
    </test> <!-- Surefire test -->
  </suite> <!-- Surefire suite -->
</testng-results>
